

Started GET "/" for 127.0.0.1 at Tue Feb 07 08:00:19 +0530 2012

RuntimeError (Please install the mysql2 adapter: `gem install activerecord-mysql2-adapter` (no such file to load -- active_record/connection_adapters/mysql2_adapter)):
  

Rendered /usr/lib/ruby/gems/1.8/gems/actionpack-3.0.5/lib/action_dispatch/middleware/templates/rescues/_trace.erb (2.7ms)
Rendered /usr/lib/ruby/gems/1.8/gems/actionpack-3.0.5/lib/action_dispatch/middleware/templates/rescues/_request_and_response.erb (2.4ms)
Rendered /usr/lib/ruby/gems/1.8/gems/actionpack-3.0.5/lib/action_dispatch/middleware/templates/rescues/diagnostics.erb within rescues/layout (27.0ms)


Started GET "/" for 127.0.0.1 at Tue Feb 07 08:04:18 +0530 2012

RuntimeError (Please install the mysql2 adapter: `gem install activerecord-mysql2-adapter` (no such file to load -- active_record/connection_adapters/mysql2_adapter)):
  

Rendered /usr/lib/ruby/gems/1.8/gems/actionpack-3.0.5/lib/action_dispatch/middleware/templates/rescues/_trace.erb (1.0ms)
Rendered /usr/lib/ruby/gems/1.8/gems/actionpack-3.0.5/lib/action_dispatch/middleware/templates/rescues/_request_and_response.erb (2.0ms)
Rendered /usr/lib/ruby/gems/1.8/gems/actionpack-3.0.5/lib/action_dispatch/middleware/templates/rescues/diagnostics.erb within rescues/layout (6.4ms)


Started GET "/" for 127.0.0.1 at Tue Feb 07 09:47:50 +0530 2012

RuntimeError (Please install the mysql2 adapter: `gem install activerecord-mysql2-adapter` (no such file to load -- active_record/connection_adapters/mysql2_adapter)):
  

Rendered /usr/lib/ruby/gems/1.8/gems/actionpack-3.0.5/lib/action_dispatch/middleware/templates/rescues/_trace.erb (1.0ms)
Rendered /usr/lib/ruby/gems/1.8/gems/actionpack-3.0.5/lib/action_dispatch/middleware/templates/rescues/_request_and_response.erb (2.0ms)
Rendered /usr/lib/ruby/gems/1.8/gems/actionpack-3.0.5/lib/action_dispatch/middleware/templates/rescues/diagnostics.erb within rescues/layout (8.4ms)


Started GET "/" for 127.0.0.1 at Tue Feb 07 09:49:23 +0530 2012

Mysql2::Error (Unknown database 'beta_invite_development'):
  

Rendered /usr/lib/ruby/gems/1.8/gems/actionpack-3.0.5/lib/action_dispatch/middleware/templates/rescues/_trace.erb (1.1ms)
Rendered /usr/lib/ruby/gems/1.8/gems/actionpack-3.0.5/lib/action_dispatch/middleware/templates/rescues/_request_and_response.erb (2.2ms)
Rendered /usr/lib/ruby/gems/1.8/gems/actionpack-3.0.5/lib/action_dispatch/middleware/templates/rescues/diagnostics.erb within rescues/layout (6.7ms)


Started GET "/" for 127.0.0.1 at Tue Feb 07 09:50:11 +0530 2012

ActionController::RoutingError (No route matches "/"):
  

Rendered /usr/lib/ruby/gems/1.8/gems/actionpack-3.0.5/lib/action_dispatch/middleware/templates/rescues/routing_error.erb within rescues/layout (1.8ms)


Started GET "/invite" for 127.0.0.1 at Tue Feb 07 09:51:20 +0530 2012

ActionController::RoutingError (uninitialized constant BetaInviteh):
  

Rendered /usr/lib/ruby/gems/1.8/gems/actionpack-3.0.5/lib/action_dispatch/middleware/templates/rescues/routing_error.erb within rescues/layout (0.7ms)


Started GET "/invite" for 127.0.0.1 at Tue Feb 07 09:51:39 +0530 2012
  Processing by BetaInvite::HomeController#index as HTML
Rendered /home/harsha/work/beta_invite/app/views/beta_invite/home/index.html.erb within layouts/beta_invite (0.9ms)
Completed 200 OK in 33ms (Views: 31.8ms | ActiveRecord: 0.0ms)


Started GET "/invite" for 127.0.0.1 at Tue Feb 07 09:53:04 +0530 2012
  Processing by BetaInvite::HomeController#index as HTML
Rendered /home/harsha/work/beta_invite/app/views/beta_invite/home/index.html.erb within layouts/beta_invite (0.5ms)
Completed 200 OK in 5ms (Views: 4.8ms | ActiveRecord: 0.0ms)
